C:\Program Files\Microsoft Visual Studio\2022\Community\MSBuild\Microsoft\VC\v170\Microsoft.CppBuild.targets(531,5): warning MSB8028: The intermediate directory (x64\Debug\) contains files shared from another project (WindowsProject1.vcxproj).  This can lead to incorrect clean and rebuild behavior.
  car.cpp
C:\Users\stas\Desktop\gk\WindowsProject1\car.cpp(110,55): warning C4244: 'argument': conversion from 'double' to 'GLfloat', possible loss of data
C:\Users\stas\Desktop\gk\WindowsProject1\car.cpp(111,17): warning C4244: 'initializing': conversion from 'double' to 'GLfloat', possible loss of data
C:\Users\stas\Desktop\gk\WindowsProject1\car.cpp(111,156): warning C4305: '+=': truncation from 'double' to 'GLfloat'
C:\Users\stas\Desktop\gk\WindowsProject1\car.cpp(113,18): warning C4244: 'argument': conversion from 'double' to 'GLfloat', possible loss of data
C:\Users\stas\Desktop\gk\WindowsProject1\car.cpp(142,55): warning C4244: 'argument': conversion from 'double' to 'GLfloat', possible loss of data
C:\Users\stas\Desktop\gk\WindowsProject1\car.cpp(143,156): warning C4305: '+=': truncation from 'double' to 'GLfloat'
C:\Users\stas\Desktop\gk\WindowsProject1\car.cpp(145,19): warning C4244: 'argument': conversion from 'double' to 'GLfloat', possible loss of data
C:\Users\stas\Desktop\gk\WindowsProject1\car.cpp(183,55): warning C4244: 'argument': conversion from 'double' to 'GLfloat', possible loss of data
C:\Users\stas\Desktop\gk\WindowsProject1\car.cpp(184,17): warning C4244: 'initializing': conversion from 'double' to 'GLfloat', possible loss of data
C:\Users\stas\Desktop\gk\WindowsProject1\car.cpp(184,80): warning C4244: 'initializing': conversion from 'double' to 'GLfloat', possible loss of data
C:\Users\stas\Desktop\gk\WindowsProject1\car.cpp(184,133): warning C4305: '+=': truncation from 'double' to 'GLfloat'
C:\Users\stas\Desktop\gk\WindowsProject1\car.cpp(186,19): warning C4244: 'argument': conversion from 'double' to 'GLfloat', possible loss of data
C:\Users\stas\Desktop\gk\WindowsProject1\car.cpp(216,55): warning C4244: 'argument': conversion from 'double' to 'GLfloat', possible loss of data
C:\Users\stas\Desktop\gk\WindowsProject1\car.cpp(217,17): warning C4244: 'initializing': conversion from 'double' to 'GLfloat', possible loss of data
C:\Users\stas\Desktop\gk\WindowsProject1\car.cpp(217,80): warning C4244: 'initializing': conversion from 'double' to 'GLfloat', possible loss of data
C:\Users\stas\Desktop\gk\WindowsProject1\car.cpp(217,150): warning C4305: '+=': truncation from 'double' to 'GLfloat'
C:\Users\stas\Desktop\gk\WindowsProject1\car.cpp(219,19): warning C4244: 'argument': conversion from 'double' to 'GLfloat', possible loss of data
  WindowsProject1.vcxproj -> C:\Users\stas\Desktop\gk\WindowsProject1\x64\Debug\GK_PROJECT.exe
